android/app/build/outputs/mapping/release/seeds.txt
com.schemewise.app.data.api.ApiService
com.schemewise.app.data.model.ChatRequestJsonAdapter
com.schemewise.app.MainActivity
com.schemewise.app.data.api.ProfileResponseJsonAdapter
com.schemewise.app.data.api.CompareRequest
com.schemewise.app.SchemeWiseApp
com.schemewise.app.data.api.CompareResponseJsonAdapter
com.schemewise.app.data.api.AnomalyCheckRequest
com.schemewise.app.SchemeWiseApp_GeneratedInjector
com.schemewise.app.data.model.AuthResponseJsonAdapter
com.schemewise.app.data.model.Scheme
com.schemewise.app.data.api.VerifyOtpRequestJsonAdapter
com.schemewise.app.data.model.EligibilityResult
com.schemewise.app.data.api.FetchDetailsResponseJsonAdapter
com.schemewise.app.data.api.VerifyOtpRequest
com.schemewise.app.data.model.RegisterRequestJsonAdapter
com.schemewise.app.SubscriptionActivity
com.schemewise.app.data.model.ChatResponseJsonAdapter
com.schemewise.app.data.model.AuthRequest
com.schemewise.app.data.api.CompareRequestJsonAdapter
com.schemewise.app.MainActivity_GeneratedInjector
com.schemewise.app.data.model.EligibilityResultJsonAdapter
com.schemewise.app.data.model.UserJsonAdapter
com.schemewise.app.data.model.ChatMessage
com.schemewise.app.data.model.SchemeJsonAdapter
com.schemewise.app.data.model.VerifyEmailResponse
com.schemewise.app.data.model.ChatRequest
com.schemewise.app.data.model.ChatMessageJsonAdapter
com.schemewise.app.data.model.AuthResponse
com.schemewise.app.data.api.FetchDetailsResponse
com.schemewise.app.data.model.VerifyEmailResponseJsonAdapter
com.schemewise.app.data.api.ResetPasswordRequest
com.schemewise.app.data.api.ForgotPasswordRequestJsonAdapter
com.schemewise.app.data.model.Profile
com.schemewise.app.data.model.RegisterRequest
com.schemewise.app.data.api.ForgotPasswordRequest
com.schemewise.app.util.DeadlineNotificationWorker
com.schemewise.app.data.model.ProfileJsonAdapter
com.schemewise.app.data.api.ProfileResponse
com.schemewise.app.data.model.User
com.schemewise.app.data.api.AnomalyCheckRequestJsonAdapter
com.schemewise.app.data.api.CompareResponse
com.schemewise.app.data.model.ChatResponse
com.schemewise.app.data.api.ResetPasswordRequestJsonAdapter
com.schemewise.app.data.model.AuthRequestJsonAdapter
com.schemewise.app.data.api.ApiService: java.lang.Object getSchemes(java.lang.String,boolean,kotlin.coroutines.Continuation)
com.schemewise.app.data.model.UserJsonAdapter: UserJsonAdapter(com.squareup.moshi.Moshi)
com.schemewise.app.data.api.ApiService: java.lang.Object login(com.schemewise.app.data.model.AuthRequest,kotlin.coroutines.Continuation)
com.schemewise.app.data.model.RegisterRequest: com.schemewise.app.data.model.RegisterRequest copy(java.lang.String,java.lang.String,java.lang.String)
com.schemewise.app.data.model.User: User(int,java.lang.String,java.lang.String,boolean,java.lang.String,java.lang.String,java.lang.String,java.lang.String)
com.schemewise.app.data.model.ChatResponseJsonAdapter: ChatResponseJsonAdapter(com.squareup.moshi.Moshi)
com.schemewise.app.data.api.ForgotPasswordRequestJsonAdapter: ForgotPasswordRequestJsonAdapter(com.squareup.moshi.Moshi)
com.schemewise.app.data.model.ChatMessageJsonAdapter: ChatMessageJsonAdapter(com.squareup.moshi.Moshi)
com.schemewise.app.data.api.ApiService: java.lang.Object getProfile(int,kotlin.coroutines.Continuation)
com.schemewise.app.data.model.User: com.schemewise.app.data.model.User copy(int,java.lang.String,java.lang.String,boolean,java.lang.String,java.lang.String,java.lang.String,java.lang.String)
com.schemewise.app.data.api.FetchDetailsResponse: FetchDetailsResponse(java.lang.String,java.lang.String,int,kotlin.jvm.internal.DefaultConstructorMarker)
com.schemewise.app.data.api.ApiService: java.lang.Object getSchemeDetail(java.lang.String,kotlin.coroutines.Continuation)
com.schemewise.app.data.model.AuthRequestJsonAdapter: AuthRequestJsonAdapter(com.squareup.moshi.Moshi)
com.schemewise.app.data.model.VerifyEmailResponseJsonAdapter: VerifyEmailResponseJsonAdapter(com.squareup.moshi.Moshi)
...
com.google.crypto.tink.proto.HmacParams: int TAG_SIZE_FIELD_NUMBER
com.google.crypto.tink.proto.HmacKeyFormat: int version_
androidx.core.widget.NestedScrollView$SavedState: android.os.Parcelable$Creator CREATOR
com.google.crypto.tink.proto.XChaCha20Poly1305KeyFormat: int version_
com.google.android.gms.common.internal.zat: android.os.Parcelable$Creator CREATOR
kotlinx.coroutines.CompletedExceptionally: int _handled
com.google.crypto.tink.proto.HmacKeyFormat: com.google.crypto.tink.shaded.protobuf.Parser PARSER
com.google.crypto.tink.proto.HmacKey: com.google.crypto.tink.proto.HmacKey DEFAULT_INSTANCE
com.google.crypto.tink.proto.KeyTemplate: int OUTPUT_PREFIX_TYPE_FIELD_NUMBER
com.google.crypto.tink.proto.Keyset: int primaryKeyId_
com.google.crypto.tink.proto.KeyTypeEntry: int CATALOGUE_NAME_FIELD_NUMBER
com.google.crypto.tink.proto.AesGcmKey: int VERSION_FIELD_NUMBER
com.google.crypto.tink.proto.AesCmacKey: int PARAMS_FIELD_NUMBER
com.google.crypto.tink.proto.AesEaxKey: com.google.crypto.tink.proto.AesEaxParams params_
com.google.crypto.tink.proto.KmsAeadKey: int VERSION_FIELD_NUMBER
com.google.crypto.tink.proto.AesGcmKey: com.google.crypto.tink.shaded.protobuf.ByteString keyValue_
com.google.crypto.tink.proto.AesEaxKey: com.google.crypto.tink.proto.AesEaxKey DEFAULT_INSTANCE
com.google.crypto.tink.proto.ChaCha20Poly1305Key: int KEY_VALUE_FIELD_NUMBER
com.google.crypto.tink.proto.KmsEnvelopeAeadKey: com.google.crypto.tink.proto.KmsEnvelopeAeadKey DEFAULT_INSTANCE
androidx.work.impl.utils.futures.AbstractFuture: java.lang.Object value
com.google.crypto.tink.proto.EncryptedKeyset: com.google.crypto.tink.proto.KeysetInfo keysetInfo_
com.google.android.gms.internal.play_billing.zziv: int zzd
com.google.crypto.tink.proto.HmacKey: int VERSION_FIELD_NUMBER
com.google.android.gms.internal.play_billing.zzio: com.google.android.gms.internal.play_billing.zzio zzb
com.google.crypto.tink.proto.AesCtrHmacAeadKey: int version_
com.google.crypto.tink.proto.AesEaxKey: int version_
com.google.android.material.bottomsheet.BottomSheetBehavior$SavedState: android.os.Parcelable$Creator CREATOR
com.google.android.gms.internal.play_billing.zzic: int zzd
com.google.crypto.tink.proto.AesGcmSivKeyFormat: int version_
androidx.compose.foundation.lazy.layout.DefaultLazyKey: android.os.Parcelable$Creator CREATOR
com.google.crypto.tink.proto.KeysetInfo$KeyInfo: int OUTPUT_PREFIX_TYPE_FIELD_NUMBER
com.google.crypto.tink.proto.KeyTypeEntry: int KEY_MANAGER_VERSION_FIELD_NUMBER
com.google.crypto.tink.proto.Keyset$Key: int OUTPUT_PREFIX_TYPE_FIELD_NUMBER
com.google.crypto.tink.proto.Keyset$Key: int KEY_ID_FIELD_NUMBER
com.google.crypto.tink.proto.AesSivKey: com.google.crypto.tink.shaded.protobuf.Parser PARSER
com.google.crypto.tink.proto.AesGcmSivKeyFormat: int VERSION_FIELD_NUMBER
kotlin.coroutines.SafeContinuation: java.lang.Object result
com.google.crypto.tink.proto.HmacKeyFormat: int KEY_SIZE_FIELD_NUMBER
com.google.crypto.tink.proto.AesCtrHmacAeadKeyFormat: int HMAC_KEY_FORMAT_FIELD_NUMBER
kotlinx.coroutines.CancellableContinuationImpl: java.lang.Object _parentHandle
com.google.crypto.tink.proto.Keyset$Key: com.google.crypto.tink.proto.Keyset$Key DEFAULT_INSTANCE
kotlinx.coroutines.scheduling.CoroutineScheduler$Worker: int indexInArray
kotlinx.coroutines.DefaultExecutor: int debugStatus
com.google.crypto.tink.proto.XChaCha20Poly1305Key: com.google.crypto.tink.proto.XChaCha20Poly1305Key DEFAULT_INSTANCE
com.google.crypto.tink.proto.Keyset$Key: int status_
com.google.crypto.tink.proto.Keyset$Key: com.google.crypto.tink.proto.KeyData keyData_
com.google.crypto.tink.proto.EncryptedKeyset: int KEYSET_INFO_FIELD_NUMBER
com.google.crypto.tink.proto.RegistryConfig: com.google.crypto.tink.shaded.protobuf.Internal$ProtobufList entry_
androidx.concurrent.futures.AbstractResolvableFuture: androidx.concurrent.futures.AbstractResolvableFuture$Listener listeners
com.google.crypto.tink.proto.RegistryConfig: com.google.crypto.tink.shaded.protobuf.Parser PARSER